e:\yw687\democode\stm32_pr\stm32_pr\release\stm32_pr.pch
e:\yw687\democode\stm32_pr\stm32_pr\release\vc142.pdb
e:\yw687\democode\stm32_pr\stm32_pr\release\pch.obj
e:\yw687\democode\stm32_pr\stm32_pr\release\stm32_prdlg.obj
e:\yw687\democode\stm32_pr\stm32_pr\release\stm32_pr.obj
e:\yw687\democode\stm32_pr\stm32_pr\release\stm32_pr.exe
e:\yw687\democode\stm32_pr\stm32_pr\release\stm32_pr.pdb
e:\yw687\democode\stm32_pr\stm32_pr\release\stm32pr.res
e:\yw687\democode\stm32_pr\stm32_pr\release\stm32_pr.ipdb
e:\yw687\democode\stm32_pr\stm32_pr\release\stm32_pr.iobj
e:\yw687\democode\stm32_pr\stm32_pr\release\stm32_pr.tlog\cl.command.1.tlog
e:\yw687\democode\stm32_pr\stm32_pr\release\stm32_pr.tlog\cl.read.1.tlog
e:\yw687\democode\stm32_pr\stm32_pr\release\stm32_pr.tlog\cl.write.1.tlog
e:\yw687\democode\stm32_pr\stm32_pr\release\stm32_pr.tlog\link.command.1.tlog
e:\yw687\democode\stm32_pr\stm32_pr\release\stm32_pr.tlog\link.read.1.tlog
e:\yw687\democode\stm32_pr\stm32_pr\release\stm32_pr.tlog\link.write.1.tlog
e:\yw687\democode\stm32_pr\stm32_pr\release\stm32_pr.tlog\rc.command.1.tlog
e:\yw687\democode\stm32_pr\stm32_pr\release\stm32_pr.tlog\rc.read.1.tlog
e:\yw687\democode\stm32_pr\stm32_pr\release\stm32_pr.tlog\rc.write.1.tlog
e:\yw687\democode\stm32_pr\stm32_pr\release\stm32_pr.tlog\stm32_pr.write.1u.tlog
